Grammar

    0 $accept: Program $end

    1 Program: ExtDefList

    2 ExtDefList: ExtDef ExtDefList
    3           | /* empty */

    4 ExtDef: Specifier ExtDecList SEMI
    5       | Specifier SEMI
    6       | Specifier FunDec CompSt
    7       | error SEMI

    8 ExtDecList: VarDec
    9           | VarDec COMMA ExtDecList

   10 Specifier: TYPE
   11          | StructSpecifier

   12 StructSpecifier: STRUCT OptTag LC DefList RC
   13                | STRUCT Tag
   14                | error RC

   15 OptTag: ID
   16       | /* empty */

   17 Tag: ID

   18 VarDec: ID
   19       | VarDec LB INT RB
   20       | error RB

   21 FunDec: ID LP VarList RP
   22       | ID LP RP
   23       | error RP

   24 VarList: ParamDec COMMA VarList
   25        | ParamDec

   26 ParamDec: Specifier VarDec

   27 CompSt: LC DefList StmtList RC

   28 StmtList: Stmt StmtList
   29         | /* empty */

   30 Stmt: Exp SEMI
   31     | CompSt
   32     | RETURN Exp SEMI
   33     | IF LP Exp RP Stmt
   34     | IF LP Exp RP Stmt ELSE Stmt
   35     | WHILE LP Exp RP Stmt

   36 DefList: Def DefList
   37        | /* empty */

   38 Def: Specifier DecList SEMI
   39    | error SEMI

   40 DecList: Dec
   41        | Dec COMMA DecList

   42 Dec: VarDec
   43    | VarDec ASSIGNOP Exp

   44 Exp: Exp ASSIGNOP Exp
   45    | Exp AND Exp
   46    | Exp OR Exp
   47    | Exp RELOP Exp
   48    | Exp PLUS Exp
   49    | Exp MINUS Exp
   50    | Exp STAR Exp
   51    | Exp DIV Exp
   52    | LP Exp RP
   53    | MINUS Exp
   54    | NOT Exp
   55    | ID LP Args RP
   56    | ID LP RP
   57    | Exp LB Exp RB
   58    | Exp DOT ID
   59    | ID
   60    | INT
   61    | FLOAT

   62 Args: Exp COMMA Args
   63     | Exp


Terminals, with rules where they appear

$end (0) 0
error (256) 7 14 20 23 39
INT (258) 19 60
FLOAT (259) 61
ID (260) 15 17 18 21 22 55 56 58 59
SEMI (261) 4 5 7 30 32 38 39
COMMA (262) 9 24 41 62
ASSIGNOP (263) 43 44
RELOP (264) 47
PLUS (265) 48
MINUS (266) 49 53
STAR (267) 50
DIV (268) 51
AND (269) 45
OR (270) 46
DOT (271) 58
NOT (272) 54
TYPE (273) 10
LP (274) 21 22 33 34 35 52 55 56
RP (275) 21 22 23 33 34 35 52 55 56
LB (276) 19 57
RB (277) 19 20 57
LC (278) 12 27
RC (279) 12 14 27
STRUCT (280) 12 13
RETURN (281) 32
IF (282) 33 34
ELSE (283) 34
WHILE (284) 35
LOWER_THAN_ELSE (285)


Nonterminals, with rules where they appear

$accept (31)
    on left: 0
Program (32)
    on left: 1, on right: 0
ExtDefList (33)
    on left: 2 3, on right: 1 2
ExtDef (34)
    on left: 4 5 6 7, on right: 2
ExtDecList (35)
    on left: 8 9, on right: 4 9
Specifier (36)
    on left: 10 11, on right: 4 5 6 26 38
StructSpecifier (37)
    on left: 12 13 14, on right: 11
OptTag (38)
    on left: 15 16, on right: 12
Tag (39)
    on left: 17, on right: 13
VarDec (40)
    on left: 18 19 20, on right: 8 9 19 26 42 43
FunDec (41)
    on left: 21 22 23, on right: 6
VarList (42)
    on left: 24 25, on right: 21 24
ParamDec (43)
    on left: 26, on right: 24 25
CompSt (44)
    on left: 27, on right: 6 31
StmtList (45)
    on left: 28 29, on right: 27 28
Stmt (46)
    on left: 30 31 32 33 34 35, on right: 28 33 34 35
DefList (47)
    on left: 36 37, on right: 12 27 36
Def (48)
    on left: 38 39, on right: 36
DecList (49)
    on left: 40 41, on right: 38 41
Dec (50)
    on left: 42 43, on right: 40 41
Exp (51)
    on left: 44 45 46 47 48 49 50 51 52 53 54 55 56 57 58 59 60 61
   , on right: 30 32 33 34 35 43 44 45 46 47 48 49 50 51 52 53 54 57
    58 62 63
Args (52)
    on left: 62 63, on right: 55 62


state 0

    0 $accept: . Program $end

    error   shift, and go to state 1
    TYPE    shift, and go to state 2
    STRUCT  shift, and go to state 3

    $end  reduce using rule 3 (ExtDefList)

    Program          go to state 4
    ExtDefList       go to state 5
    ExtDef           go to state 6
    Specifier        go to state 7
    StructSpecifier  go to state 8


state 1

    7 ExtDef: error . SEMI
   14 StructSpecifier: error . RC

    SEMI  shift, and go to state 9
    RC    shift, and go to state 10


state 2

   10 Specifier: TYPE .

    $default  reduce using rule 10 (Specifier)


state 3

   12 StructSpecifier: STRUCT . OptTag LC DefList RC
   13                | STRUCT . Tag

    ID  shift, and go to state 11

    $default  reduce using rule 16 (OptTag)

    OptTag  go to state 12
    Tag     go to state 13


state 4

    0 $accept: Program . $end

    $end  shift, and go to state 14


state 5

    1 Program: ExtDefList .

    $default  reduce using rule 1 (Program)


state 6

    2 ExtDefList: ExtDef . ExtDefList

    error   shift, and go to state 1
    TYPE    shift, and go to state 2
    STRUCT  shift, and go to state 3

    $end  reduce using rule 3 (ExtDefList)

    ExtDefList       go to state 15
    ExtDef           go to state 6
    Specifier        go to state 7
    StructSpecifier  go to state 8


state 7

    4 ExtDef: Specifier . ExtDecList SEMI
    5       | Specifier . SEMI
    6       | Specifier . FunDec CompSt

    error  shift, and go to state 16
    ID     shift, and go to state 17
    SEMI   shift, and go to state 18

    ExtDecList  go to state 19
    VarDec      go to state 20
    FunDec      go to state 21


state 8

   11 Specifier: StructSpecifier .

    $default  reduce using rule 11 (Specifier)


state 9

    7 ExtDef: error SEMI .

    $default  reduce using rule 7 (ExtDef)


state 10

   14 StructSpecifier: error RC .

    $default  reduce using rule 14 (StructSpecifier)


state 11

   15 OptTag: ID .
   17 Tag: ID .

    LC        reduce using rule 15 (OptTag)
    $default  reduce using rule 17 (Tag)


state 12

   12 StructSpecifier: STRUCT OptTag . LC DefList RC

    LC  shift, and go to state 22


state 13

   13 StructSpecifier: STRUCT Tag .

    $default  reduce using rule 13 (StructSpecifier)


state 14

    0 $accept: Program $end .

    $default  accept


state 15

    2 ExtDefList: ExtDef ExtDefList .

    $default  reduce using rule 2 (ExtDefList)


state 16

   20 VarDec: error . RB
   23 FunDec: error . RP

    RP  shift, and go to state 23
    RB  shift, and go to state 24


state 17

   18 VarDec: ID .
   21 FunDec: ID . LP VarList RP
   22       | ID . LP RP

    LP  shift, and go to state 25

    $default  reduce using rule 18 (VarDec)


state 18

    5 ExtDef: Specifier SEMI .

    $default  reduce using rule 5 (ExtDef)


state 19

    4 ExtDef: Specifier ExtDecList . SEMI

    SEMI  shift, and go to state 26


state 20

    8 ExtDecList: VarDec .
    9           | VarDec . COMMA ExtDecList
   19 VarDec: VarDec . LB INT RB

    COMMA  shift, and go to state 27
    LB     shift, and go to state 28

    $default  reduce using rule 8 (ExtDecList)


state 21

    6 ExtDef: Specifier FunDec . CompSt

    LC  shift, and go to state 29

    CompSt  go to state 30


state 22

   12 StructSpecifier: STRUCT OptTag LC . DefList RC

    error   shift, and go to state 31
    TYPE    shift, and go to state 2
    STRUCT  shift, and go to state 3

    RC  reduce using rule 37 (DefList)

    Specifier        go to state 32
    StructSpecifier  go to state 8
    DefList          go to state 33
    Def              go to state 34


state 23

   23 FunDec: error RP .

    $default  reduce using rule 23 (FunDec)


state 24

   20 VarDec: error RB .

    $default  reduce using rule 20 (VarDec)


state 25

   21 FunDec: ID LP . VarList RP
   22       | ID LP . RP

    error   shift, and go to state 35
    TYPE    shift, and go to state 2
    RP      shift, and go to state 36
    STRUCT  shift, and go to state 3

    Specifier        go to state 37
    StructSpecifier  go to state 8
    VarList          go to state 38
    ParamDec         go to state 39


state 26

    4 ExtDef: Specifier ExtDecList SEMI .

    $default  reduce using rule 4 (ExtDef)


state 27

    9 ExtDecList: VarDec COMMA . ExtDecList

    error  shift, and go to state 40
    ID     shift, and go to state 41

    ExtDecList  go to state 42
    VarDec      go to state 20


state 28

   19 VarDec: VarDec LB . INT RB

    INT  shift, and go to state 43


state 29

   27 CompSt: LC . DefList StmtList RC

    error   shift, and go to state 31
    TYPE    shift, and go to state 2
    STRUCT  shift, and go to state 3

    INT     reduce using rule 37 (DefList)
    FLOAT   reduce using rule 37 (DefList)
    ID      reduce using rule 37 (DefList)
    MINUS   reduce using rule 37 (DefList)
    NOT     reduce using rule 37 (DefList)
    LP      reduce using rule 37 (DefList)
    LC      reduce using rule 37 (DefList)
    RC      reduce using rule 37 (DefList)
    RETURN  reduce using rule 37 (DefList)
    IF      reduce using rule 37 (DefList)
    WHILE   reduce using rule 37 (DefList)

    Specifier        go to state 32
    StructSpecifier  go to state 8
    DefList          go to state 44
    Def              go to state 34


state 30

    6 ExtDef: Specifier FunDec CompSt .

    $default  reduce using rule 6 (ExtDef)


state 31

   14 StructSpecifier: error . RC
   39 Def: error . SEMI

    SEMI  shift, and go to state 45
    RC    shift, and go to state 10


state 32

   38 Def: Specifier . DecList SEMI

    error  shift, and go to state 40
    ID     shift, and go to state 41

    VarDec   go to state 46
    DecList  go to state 47
    Dec      go to state 48


state 33

   12 StructSpecifier: STRUCT OptTag LC DefList . RC

    RC  shift, and go to state 49


state 34

   36 DefList: Def . DefList

    error   shift, and go to state 31
    TYPE    shift, and go to state 2
    STRUCT  shift, and go to state 3

    INT     reduce using rule 37 (DefList)
    FLOAT   reduce using rule 37 (DefList)
    ID      reduce using rule 37 (DefList)
    MINUS   reduce using rule 37 (DefList)
    NOT     reduce using rule 37 (DefList)
    LP      reduce using rule 37 (DefList)
    LC      reduce using rule 37 (DefList)
    RC      reduce using rule 37 (DefList)
    RETURN  reduce using rule 37 (DefList)
    IF      reduce using rule 37 (DefList)
    WHILE   reduce using rule 37 (DefList)

    Specifier        go to state 32
    StructSpecifier  go to state 8
    DefList          go to state 50
    Def              go to state 34


state 35

   14 StructSpecifier: error . RC

    RC  shift, and go to state 10


state 36

   22 FunDec: ID LP RP .

    $default  reduce using rule 22 (FunDec)


state 37

   26 ParamDec: Specifier . VarDec

    error  shift, and go to state 40
    ID     shift, and go to state 41

    VarDec  go to state 51


state 38

   21 FunDec: ID LP VarList . RP

    RP  shift, and go to state 52


state 39

   24 VarList: ParamDec . COMMA VarList
   25        | ParamDec .

    COMMA  shift, and go to state 53

    $default  reduce using rule 25 (VarList)


state 40

   20 VarDec: error . RB

    RB  shift, and go to state 24


state 41

   18 VarDec: ID .

    $default  reduce using rule 18 (VarDec)


state 42

    9 ExtDecList: VarDec COMMA ExtDecList .

    $default  reduce using rule 9 (ExtDecList)


state 43

   19 VarDec: VarDec LB INT . RB

    RB  shift, and go to state 54


state 44

   27 CompSt: LC DefList . StmtList RC

    INT     shift, and go to state 55
    FLOAT   shift, and go to state 56
    ID      shift, and go to state 57
    MINUS   shift, and go to state 58
    NOT     shift, and go to state 59
    LP      shift, and go to state 60
    LC      shift, and go to state 29
    RETURN  shift, and go to state 61
    IF      shift, and go to state 62
    WHILE   shift, and go to state 63

    $default  reduce using rule 29 (StmtList)

    CompSt    go to state 64
    StmtList  go to state 65
    Stmt      go to state 66
    Exp       go to state 67


state 45

   39 Def: error SEMI .

    $default  reduce using rule 39 (Def)


state 46

   19 VarDec: VarDec . LB INT RB
   42 Dec: VarDec .
   43    | VarDec . ASSIGNOP Exp

    ASSIGNOP  shift, and go to state 68
    LB        shift, and go to state 28

    $default  reduce using rule 42 (Dec)


state 47

   38 Def: Specifier DecList . SEMI

    SEMI  shift, and go to state 69


state 48

   40 DecList: Dec .
   41        | Dec . COMMA DecList

    COMMA  shift, and go to state 70

    $default  reduce using rule 40 (DecList)


state 49

   12 StructSpecifier: STRUCT OptTag LC DefList RC .

    $default  reduce using rule 12 (StructSpecifier)


state 50

   36 DefList: Def DefList .

    $default  reduce using rule 36 (DefList)


state 51

   19 VarDec: VarDec . LB INT RB
   26 ParamDec: Specifier VarDec .

    LB  shift, and go to state 28

    $default  reduce using rule 26 (ParamDec)


state 52

   21 FunDec: ID LP VarList RP .

    $default  reduce using rule 21 (FunDec)


state 53

   24 VarList: ParamDec COMMA . VarList

    error   shift, and go to state 35
    TYPE    shift, and go to state 2
    STRUCT  shift, and go to state 3

    Specifier        go to state 37
    StructSpecifier  go to state 8
    VarList          go to state 71
    ParamDec         go to state 39


state 54

   19 VarDec: VarDec LB INT RB .

    $default  reduce using rule 19 (VarDec)


state 55

   60 Exp: INT .

    $default  reduce using rule 60 (Exp)


state 56

   61 Exp: FLOAT .

    $default  reduce using rule 61 (Exp)


state 57

   55 Exp: ID . LP Args RP
   56    | ID . LP RP
   59    | ID .

    LP  shift, and go to state 72

    $default  reduce using rule 59 (Exp)


state 58

   53 Exp: MINUS . Exp

    INT    shift, and go to state 55
    FLOAT  shift, and go to state 56
    ID     shift, and go to state 57
    MINUS  shift, and go to state 58
    NOT    shift, and go to state 59
    LP     shift, and go to state 60

    Exp  go to state 73


state 59

   54 Exp: NOT . Exp

    INT    shift, and go to state 55
    FLOAT  shift, and go to state 56
    ID     shift, and go to state 57
    MINUS  shift, and go to state 58
    NOT    shift, and go to state 59
    LP     shift, and go to state 60

    Exp  go to state 74


state 60

   52 Exp: LP . Exp RP

    INT    shift, and go to state 55
    FLOAT  shift, and go to state 56
    ID     shift, and go to state 57
    MINUS  shift, and go to state 58
    NOT    shift, and go to state 59
    LP     shift, and go to state 60

    Exp  go to state 75


state 61

   32 Stmt: RETURN . Exp SEMI

    INT    shift, and go to state 55
    FLOAT  shift, and go to state 56
    ID     shift, and go to state 57
    MINUS  shift, and go to state 58
    NOT    shift, and go to state 59
    LP     shift, and go to state 60

    Exp  go to state 76


state 62

   33 Stmt: IF . LP Exp RP Stmt
   34     | IF . LP Exp RP Stmt ELSE Stmt

    LP  shift, and go to state 77


state 63

   35 Stmt: WHILE . LP Exp RP Stmt

    LP  shift, and go to state 78


state 64

   31 Stmt: CompSt .

    $default  reduce using rule 31 (Stmt)


state 65

   27 CompSt: LC DefList StmtList . RC

    RC  shift, and go to state 79


state 66

   28 StmtList: Stmt . StmtList

    INT     shift, and go to state 55
    FLOAT   shift, and go to state 56
    ID      shift, and go to state 57
    MINUS   shift, and go to state 58
    NOT     shift, and go to state 59
    LP      shift, and go to state 60
    LC      shift, and go to state 29
    RETURN  shift, and go to state 61
    IF      shift, and go to state 62
    WHILE   shift, and go to state 63

    $default  reduce using rule 29 (StmtList)

    CompSt    go to state 64
    StmtList  go to state 80
    Stmt      go to state 66
    Exp       go to state 67


state 67

   30 Stmt: Exp . SEMI
   44 Exp: Exp . ASSIGNOP Exp
   45    | Exp . AND Exp
   46    | Exp . OR Exp
   47    | Exp . RELOP Exp
   48    | Exp . PLUS Exp
   49    | Exp . MINUS Exp
   50    | Exp . STAR Exp
   51    | Exp . DIV Exp
   57    | Exp . LB Exp RB
   58    | Exp . DOT ID

    SEMI      shift, and go to state 81
    ASSIGNOP  shift, and go to state 82
    RELOP     shift, and go to state 83
    PLUS      shift, and go to state 84
    MINUS     shift, and go to state 85
    STAR      shift, and go to state 86
    DIV       shift, and go to state 87
    AND       shift, and go to state 88
    OR        shift, and go to state 89
    DOT       shift, and go to state 90
    LB        shift, and go to state 91


state 68

   43 Dec: VarDec ASSIGNOP . Exp

    INT    shift, and go to state 55
    FLOAT  shift, and go to state 56
    ID     shift, and go to state 57
    MINUS  shift, and go to state 58
    NOT    shift, and go to state 59
    LP     shift, and go to state 60

    Exp  go to state 92


state 69

   38 Def: Specifier DecList SEMI .

    $default  reduce using rule 38 (Def)


state 70

   41 DecList: Dec COMMA . DecList

    error  shift, and go to state 40
    ID     shift, and go to state 41

    VarDec   go to state 46
    DecList  go to state 93
    Dec      go to state 48


state 71

   24 VarList: ParamDec COMMA VarList .

    $default  reduce using rule 24 (VarList)


state 72

   55 Exp: ID LP . Args RP
   56    | ID LP . RP

    INT    shift, and go to state 55
    FLOAT  shift, and go to state 56
    ID     shift, and go to state 57
    MINUS  shift, and go to state 58
    NOT    shift, and go to state 59
    LP     shift, and go to state 60
    RP     shift, and go to state 94

    Exp   go to state 95
    Args  go to state 96


state 73

   44 Exp: Exp . ASSIGNOP Exp
   45    | Exp . AND Exp
   46    | Exp . OR Exp
   47    | Exp . RELOP Exp
   48    | Exp . PLUS Exp
   49    | Exp . MINUS Exp
   50    | Exp . STAR Exp
   51    | Exp . DIV Exp
   53    | MINUS Exp .
   57    | Exp . LB Exp RB
   58    | Exp . DOT ID

    STAR  shift, and go to state 86
    DIV   shift, and go to state 87
    DOT   shift, and go to state 90
    LB    shift, and go to state 91

    $default  reduce using rule 53 (Exp)


state 74

   44 Exp: Exp . ASSIGNOP Exp
   45    | Exp . AND Exp
   46    | Exp . OR Exp
   47    | Exp . RELOP Exp
   48    | Exp . PLUS Exp
   49    | Exp . MINUS Exp
   50    | Exp . STAR Exp
   51    | Exp . DIV Exp
   54    | NOT Exp .
   57    | Exp . LB Exp RB
   58    | Exp . DOT ID

    DOT  shift, and go to state 90
    LB   shift, and go to state 91

    $default  reduce using rule 54 (Exp)


state 75

   44 Exp: Exp . ASSIGNOP Exp
   45    | Exp . AND Exp
   46    | Exp . OR Exp
   47    | Exp . RELOP Exp
   48    | Exp . PLUS Exp
   49    | Exp . MINUS Exp
   50    | Exp . STAR Exp
   51    | Exp . DIV Exp
   52    | LP Exp . RP
   57    | Exp . LB Exp RB
   58    | Exp . DOT ID

    ASSIGNOP  shift, and go to state 82
    RELOP     shift, and go to state 83
    PLUS      shift, and go to state 84
    MINUS     shift, and go to state 85
    STAR      shift, and go to state 86
    DIV       shift, and go to state 87
    AND       shift, and go to state 88
    OR        shift, and go to state 89
    DOT       shift, and go to state 90
    RP        shift, and go to state 97
    LB        shift, and go to state 91


state 76

   32 Stmt: RETURN Exp . SEMI
   44 Exp: Exp . ASSIGNOP Exp
   45    | Exp . AND Exp
   46    | Exp . OR Exp
   47    | Exp . RELOP Exp
   48    | Exp . PLUS Exp
   49    | Exp . MINUS Exp
   50    | Exp . STAR Exp
   51    | Exp . DIV Exp
   57    | Exp . LB Exp RB
   58    | Exp . DOT ID

    SEMI      shift, and go to state 98
    ASSIGNOP  shift, and go to state 82
    RELOP     shift, and go to state 83
    PLUS      shift, and go to state 84
    MINUS     shift, and go to state 85
    STAR      shift, and go to state 86
    DIV       shift, and go to state 87
    AND       shift, and go to state 88
    OR        shift, and go to state 89
    DOT       shift, and go to state 90
    LB        shift, and go to state 91


state 77

   33 Stmt: IF LP . Exp RP Stmt
   34     | IF LP . Exp RP Stmt ELSE Stmt

    INT    shift, and go to state 55
    FLOAT  shift, and go to state 56
    ID     shift, and go to state 57
    MINUS  shift, and go to state 58
    NOT    shift, and go to state 59
    LP     shift, and go to state 60

    Exp  go to state 99


state 78

   35 Stmt: WHILE LP . Exp RP Stmt

    INT    shift, and go to state 55
    FLOAT  shift, and go to state 56
    ID     shift, and go to state 57
    MINUS  shift, and go to state 58
    NOT    shift, and go to state 59
    LP     shift, and go to state 60

    Exp  go to state 100


state 79

   27 CompSt: LC DefList StmtList RC .

    $default  reduce using rule 27 (CompSt)


state 80

   28 StmtList: Stmt StmtList .

    $default  reduce using rule 28 (StmtList)


state 81

   30 Stmt: Exp SEMI .

    $default  reduce using rule 30 (Stmt)


state 82

   44 Exp: Exp ASSIGNOP . Exp

    INT    shift, and go to state 55
    FLOAT  shift, and go to state 56
    ID     shift, and go to state 57
    MINUS  shift, and go to state 58
    NOT    shift, and go to state 59
    LP     shift, and go to state 60

    Exp  go to state 101


state 83

   47 Exp: Exp RELOP . Exp

    INT    shift, and go to state 55
    FLOAT  shift, and go to state 56
    ID     shift, and go to state 57
    MINUS  shift, and go to state 58
    NOT    shift, and go to state 59
    LP     shift, and go to state 60

    Exp  go to state 102


state 84

   48 Exp: Exp PLUS . Exp

    INT    shift, and go to state 55
    FLOAT  shift, and go to state 56
    ID     shift, and go to state 57
    MINUS  shift, and go to state 58
    NOT    shift, and go to state 59
    LP     shift, and go to state 60

    Exp  go to state 103


state 85

   49 Exp: Exp MINUS . Exp

    INT    shift, and go to state 55
    FLOAT  shift, and go to state 56
    ID     shift, and go to state 57
    MINUS  shift, and go to state 58
    NOT    shift, and go to state 59
    LP     shift, and go to state 60

    Exp  go to state 104


state 86

   50 Exp: Exp STAR . Exp

    INT    shift, and go to state 55
    FLOAT  shift, and go to state 56
    ID     shift, and go to state 57
    MINUS  shift, and go to state 58
    NOT    shift, and go to state 59
    LP     shift, and go to state 60

    Exp  go to state 105


state 87

   51 Exp: Exp DIV . Exp

    INT    shift, and go to state 55
    FLOAT  shift, and go to state 56
    ID     shift, and go to state 57
    MINUS  shift, and go to state 58
    NOT    shift, and go to state 59
    LP     shift, and go to state 60

    Exp  go to state 106


state 88

   45 Exp: Exp AND . Exp

    INT    shift, and go to state 55
    FLOAT  shift, and go to state 56
    ID     shift, and go to state 57
    MINUS  shift, and go to state 58
    NOT    shift, and go to state 59
    LP     shift, and go to state 60

    Exp  go to state 107


state 89

   46 Exp: Exp OR . Exp

    INT    shift, and go to state 55
    FLOAT  shift, and go to state 56
    ID     shift, and go to state 57
    MINUS  shift, and go to state 58
    NOT    shift, and go to state 59
    LP     shift, and go to state 60

    Exp  go to state 108


state 90

   58 Exp: Exp DOT . ID

    ID  shift, and go to state 109


state 91

   57 Exp: Exp LB . Exp RB

    INT    shift, and go to state 55
    FLOAT  shift, and go to state 56
    ID     shift, and go to state 57
    MINUS  shift, and go to state 58
    NOT    shift, and go to state 59
    LP     shift, and go to state 60

    Exp  go to state 110


state 92

   43 Dec: VarDec ASSIGNOP Exp .
   44 Exp: Exp . ASSIGNOP Exp
   45    | Exp . AND Exp
   46    | Exp . OR Exp
   47    | Exp . RELOP Exp
   48    | Exp . PLUS Exp
   49    | Exp . MINUS Exp
   50    | Exp . STAR Exp
   51    | Exp . DIV Exp
   57    | Exp . LB Exp RB
   58    | Exp . DOT ID

    ASSIGNOP  shift, and go to state 82
    RELOP     shift, and go to state 83
    PLUS      shift, and go to state 84
    MINUS     shift, and go to state 85
    STAR      shift, and go to state 86
    DIV       shift, and go to state 87
    AND       shift, and go to state 88
    OR        shift, and go to state 89
    DOT       shift, and go to state 90
    LB        shift, and go to state 91

    $default  reduce using rule 43 (Dec)


state 93

   41 DecList: Dec COMMA DecList .

    $default  reduce using rule 41 (DecList)


state 94

   56 Exp: ID LP RP .

    $default  reduce using rule 56 (Exp)


state 95

   44 Exp: Exp . ASSIGNOP Exp
   45    | Exp . AND Exp
   46    | Exp . OR Exp
   47    | Exp . RELOP Exp
   48    | Exp . PLUS Exp
   49    | Exp . MINUS Exp
   50    | Exp . STAR Exp
   51    | Exp . DIV Exp
   57    | Exp . LB Exp RB
   58    | Exp . DOT ID
   62 Args: Exp . COMMA Args
   63     | Exp .

    COMMA     shift, and go to state 111
    ASSIGNOP  shift, and go to state 82
    RELOP     shift, and go to state 83
    PLUS      shift, and go to state 84
    MINUS     shift, and go to state 85
    STAR      shift, and go to state 86
    DIV       shift, and go to state 87
    AND       shift, and go to state 88
    OR        shift, and go to state 89
    DOT       shift, and go to state 90
    LB        shift, and go to state 91

    $default  reduce using rule 63 (Args)


state 96

   55 Exp: ID LP Args . RP

    RP  shift, and go to state 112


state 97

   52 Exp: LP Exp RP .

    $default  reduce using rule 52 (Exp)


state 98

   32 Stmt: RETURN Exp SEMI .

    $default  reduce using rule 32 (Stmt)


state 99

   33 Stmt: IF LP Exp . RP Stmt
   34     | IF LP Exp . RP Stmt ELSE Stmt
   44 Exp: Exp . ASSIGNOP Exp
   45    | Exp . AND Exp
   46    | Exp . OR Exp
   47    | Exp . RELOP Exp
   48    | Exp . PLUS Exp
   49    | Exp . MINUS Exp
   50    | Exp . STAR Exp
   51    | Exp . DIV Exp
   57    | Exp . LB Exp RB
   58    | Exp . DOT ID

    ASSIGNOP  shift, and go to state 82
    RELOP     shift, and go to state 83
    PLUS      shift, and go to state 84
    MINUS     shift, and go to state 85
    STAR      shift, and go to state 86
    DIV       shift, and go to state 87
    AND       shift, and go to state 88
    OR        shift, and go to state 89
    DOT       shift, and go to state 90
    RP        shift, and go to state 113
    LB        shift, and go to state 91


state 100

   35 Stmt: WHILE LP Exp . RP Stmt
   44 Exp: Exp . ASSIGNOP Exp
   45    | Exp . AND Exp
   46    | Exp . OR Exp
   47    | Exp . RELOP Exp
   48    | Exp . PLUS Exp
   49    | Exp . MINUS Exp
   50    | Exp . STAR Exp
   51    | Exp . DIV Exp
   57    | Exp . LB Exp RB
   58    | Exp . DOT ID

    ASSIGNOP  shift, and go to state 82
    RELOP     shift, and go to state 83
    PLUS      shift, and go to state 84
    MINUS     shift, and go to state 85
    STAR      shift, and go to state 86
    DIV       shift, and go to state 87
    AND       shift, and go to state 88
    OR        shift, and go to state 89
    DOT       shift, and go to state 90
    RP        shift, and go to state 114
    LB        shift, and go to state 91


state 101

   44 Exp: Exp . ASSIGNOP Exp
   44    | Exp ASSIGNOP Exp .
   45    | Exp . AND Exp
   46    | Exp . OR Exp
   47    | Exp . RELOP Exp
   48    | Exp . PLUS Exp
   49    | Exp . MINUS Exp
   50    | Exp . STAR Exp
   51    | Exp . DIV Exp
   57    | Exp . LB Exp RB
   58    | Exp . DOT ID

    ASSIGNOP  shift, and go to state 82
    RELOP     shift, and go to state 83
    PLUS      shift, and go to state 84
    MINUS     shift, and go to state 85
    STAR      shift, and go to state 86
    DIV       shift, and go to state 87
    AND       shift, and go to state 88
    OR        shift, and go to state 89
    DOT       shift, and go to state 90
    LB        shift, and go to state 91

    $default  reduce using rule 44 (Exp)


state 102

   44 Exp: Exp . ASSIGNOP Exp
   45    | Exp . AND Exp
   46    | Exp . OR Exp
   47    | Exp . RELOP Exp
   47    | Exp RELOP Exp .
   48    | Exp . PLUS Exp
   49    | Exp . MINUS Exp
   50    | Exp . STAR Exp
   51    | Exp . DIV Exp
   57    | Exp . LB Exp RB
   58    | Exp . DOT ID

    PLUS   shift, and go to state 84
    MINUS  shift, and go to state 85
    STAR   shift, and go to state 86
    DIV    shift, and go to state 87
    DOT    shift, and go to state 90
    LB     shift, and go to state 91

    $default  reduce using rule 47 (Exp)


state 103

   44 Exp: Exp . ASSIGNOP Exp
   45    | Exp . AND Exp
   46    | Exp . OR Exp
   47    | Exp . RELOP Exp
   48    | Exp . PLUS Exp
   48    | Exp PLUS Exp .
   49    | Exp . MINUS Exp
   50    | Exp . STAR Exp
   51    | Exp . DIV Exp
   57    | Exp . LB Exp RB
   58    | Exp . DOT ID

    STAR  shift, and go to state 86
    DIV   shift, and go to state 87
    DOT   shift, and go to state 90
    LB    shift, and go to state 91

    $default  reduce using rule 48 (Exp)


state 104

   44 Exp: Exp . ASSIGNOP Exp
   45    | Exp . AND Exp
   46    | Exp . OR Exp
   47    | Exp . RELOP Exp
   48    | Exp . PLUS Exp
   49    | Exp . MINUS Exp
   49    | Exp MINUS Exp .
   50    | Exp . STAR Exp
   51    | Exp . DIV Exp
   57    | Exp . LB Exp RB
   58    | Exp . DOT ID

    STAR  shift, and go to state 86
    DIV   shift, and go to state 87
    DOT   shift, and go to state 90
    LB    shift, and go to state 91

    $default  reduce using rule 49 (Exp)


state 105

   44 Exp: Exp . ASSIGNOP Exp
   45    | Exp . AND Exp
   46    | Exp . OR Exp
   47    | Exp . RELOP Exp
   48    | Exp . PLUS Exp
   49    | Exp . MINUS Exp
   50    | Exp . STAR Exp
   50    | Exp STAR Exp .
   51    | Exp . DIV Exp
   57    | Exp . LB Exp RB
   58    | Exp . DOT ID

    DOT  shift, and go to state 90
    LB   shift, and go to state 91

    $default  reduce using rule 50 (Exp)


state 106

   44 Exp: Exp . ASSIGNOP Exp
   45    | Exp . AND Exp
   46    | Exp . OR Exp
   47    | Exp . RELOP Exp
   48    | Exp . PLUS Exp
   49    | Exp . MINUS Exp
   50    | Exp . STAR Exp
   51    | Exp . DIV Exp
   51    | Exp DIV Exp .
   57    | Exp . LB Exp RB
   58    | Exp . DOT ID

    DOT  shift, and go to state 90
    LB   shift, and go to state 91

    $default  reduce using rule 51 (Exp)


state 107

   44 Exp: Exp . ASSIGNOP Exp
   45    | Exp . AND Exp
   45    | Exp AND Exp .
   46    | Exp . OR Exp
   47    | Exp . RELOP Exp
   48    | Exp . PLUS Exp
   49    | Exp . MINUS Exp
   50    | Exp . STAR Exp
   51    | Exp . DIV Exp
   57    | Exp . LB Exp RB
   58    | Exp . DOT ID

    RELOP  shift, and go to state 83
    PLUS   shift, and go to state 84
    MINUS  shift, and go to state 85
    STAR   shift, and go to state 86
    DIV    shift, and go to state 87
    DOT    shift, and go to state 90
    LB     shift, and go to state 91

    $default  reduce using rule 45 (Exp)


state 108

   44 Exp: Exp . ASSIGNOP Exp
   45    | Exp . AND Exp
   46    | Exp . OR Exp
   46    | Exp OR Exp .
   47    | Exp . RELOP Exp
   48    | Exp . PLUS Exp
   49    | Exp . MINUS Exp
   50    | Exp . STAR Exp
   51    | Exp . DIV Exp
   57    | Exp . LB Exp RB
   58    | Exp . DOT ID

    RELOP  shift, and go to state 83
    PLUS   shift, and go to state 84
    MINUS  shift, and go to state 85
    STAR   shift, and go to state 86
    DIV    shift, and go to state 87
    AND    shift, and go to state 88
    DOT    shift, and go to state 90
    LB     shift, and go to state 91

    $default  reduce using rule 46 (Exp)


state 109

   58 Exp: Exp DOT ID .

    $default  reduce using rule 58 (Exp)


state 110

   44 Exp: Exp . ASSIGNOP Exp
   45    | Exp . AND Exp
   46    | Exp . OR Exp
   47    | Exp . RELOP Exp
   48    | Exp . PLUS Exp
   49    | Exp . MINUS Exp
   50    | Exp . STAR Exp
   51    | Exp . DIV Exp
   57    | Exp . LB Exp RB
   57    | Exp LB Exp . RB
   58    | Exp . DOT ID

    ASSIGNOP  shift, and go to state 82
    RELOP     shift, and go to state 83
    PLUS      shift, and go to state 84
    MINUS     shift, and go to state 85
    STAR      shift, and go to state 86
    DIV       shift, and go to state 87
    AND       shift, and go to state 88
    OR        shift, and go to state 89
    DOT       shift, and go to state 90
    LB        shift, and go to state 91
    RB        shift, and go to state 115


state 111

   62 Args: Exp COMMA . Args

    INT    shift, and go to state 55
    FLOAT  shift, and go to state 56
    ID     shift, and go to state 57
    MINUS  shift, and go to state 58
    NOT    shift, and go to state 59
    LP     shift, and go to state 60

    Exp   go to state 95
    Args  go to state 116


state 112

   55 Exp: ID LP Args RP .

    $default  reduce using rule 55 (Exp)


state 113

   33 Stmt: IF LP Exp RP . Stmt
   34     | IF LP Exp RP . Stmt ELSE Stmt

    INT     shift, and go to state 55
    FLOAT   shift, and go to state 56
    ID      shift, and go to state 57
    MINUS   shift, and go to state 58
    NOT     shift, and go to state 59
    LP      shift, and go to state 60
    LC      shift, and go to state 29
    RETURN  shift, and go to state 61
    IF      shift, and go to state 62
    WHILE   shift, and go to state 63

    CompSt  go to state 64
    Stmt    go to state 117
    Exp     go to state 67


state 114

   35 Stmt: WHILE LP Exp RP . Stmt

    INT     shift, and go to state 55
    FLOAT   shift, and go to state 56
    ID      shift, and go to state 57
    MINUS   shift, and go to state 58
    NOT     shift, and go to state 59
    LP      shift, and go to state 60
    LC      shift, and go to state 29
    RETURN  shift, and go to state 61
    IF      shift, and go to state 62
    WHILE   shift, and go to state 63

    CompSt  go to state 64
    Stmt    go to state 118
    Exp     go to state 67


state 115

   57 Exp: Exp LB Exp RB .

    $default  reduce using rule 57 (Exp)


state 116

   62 Args: Exp COMMA Args .

    $default  reduce using rule 62 (Args)


state 117

   33 Stmt: IF LP Exp RP Stmt .
   34     | IF LP Exp RP Stmt . ELSE Stmt

    ELSE  shift, and go to state 119

    $default  reduce using rule 33 (Stmt)


state 118

   35 Stmt: WHILE LP Exp RP Stmt .

    $default  reduce using rule 35 (Stmt)


state 119

   34 Stmt: IF LP Exp RP Stmt ELSE . Stmt

    INT     shift, and go to state 55
    FLOAT   shift, and go to state 56
    ID      shift, and go to state 57
    MINUS   shift, and go to state 58
    NOT     shift, and go to state 59
    LP      shift, and go to state 60
    LC      shift, and go to state 29
    RETURN  shift, and go to state 61
    IF      shift, and go to state 62
    WHILE   shift, and go to state 63

    CompSt  go to state 64
    Stmt    go to state 120
    Exp     go to state 67


state 120

   34 Stmt: IF LP Exp RP Stmt ELSE Stmt .

    $default  reduce using rule 34 (Stmt)
